<?xml version="1.0" encoding="UTF-8"?>
<!-- Generated by org.testng.reporters.JUnitReportReporter -->
<testsuite hostname="ROHAN" failures="0" tests="1" name="tests.PlaceOrderTest" time="16.080" errors="0" timestamp="2025-06-05T16:46:39 IST" skipped="0">
  <testcase classname="tests.PlaceOrderTest" name="testPlaceOrder" time="16.080"/>
</testsuite> <!-- tests.PlaceOrderTest -->
