<?xml version="1.0" encoding="UTF-8"?>
<!-- Generated by org.testng.reporters.JUnitReportReporter -->
<testsuite hostname="ROHAN" failures="0" tests="1" name="tests.PlaceOrderTest" time="27.411" errors="0" timestamp="2025-06-05T23:15:55 IST" skipped="0">
  <testcase classname="tests.PlaceOrderTest" name="testPlaceOrder" time="27.411"/>
</testsuite> <!-- tests.PlaceOrderTest -->
